<?xml version="1.0" encoding="UTF-8"?>
<!-- Generated by org.testng.reporters.JUnitReportReporter -->
<testsuite hostname="LAPTOP-HGGEC2PE" failures="0" tests="1" name="TestCases.NewTest1" time="8.896" errors="0" timestamp="2020-03-12T23:03:12 IST" skipped="0">
  <testcase classname="TestCases.NewTest1" name="f" time="8.896"/>
</testsuite> <!-- TestCases.NewTest1 -->
