<?xml version="1.0" encoding="UTF-8"?>
<!-- Generated by org.testng.reporters.JUnitReportReporter -->
<testsuite hostname="LAPTOP-HGGEC2PE" failures="0" tests="1" name="helloworld.NewTest123" time="37.883" errors="0" timestamp="2020-03-05T23:17:49 IST" skipped="0">
  <testcase classname="helloworld.NewTest123" name="login" time="37.883"/>
</testsuite> <!-- helloworld.NewTest123 -->
